nohup: ignoring input
2023-01-25 19:50:56.311216: I tensorflow/core/platform/cpu_feature_guard.cc:193] This TensorFlow binary is optimized with oneAPI Deep Neural Network Library (oneDNN) to use the following CPU instructions in performance-critical operations:  AVX2 AVX512F AVX512_VNNI FMA
To enable them in other operations, rebuild TensorFlow with the appropriate compiler flags.
2023-01-25 19:50:56.443027: I tensorflow/core/util/port.cc:104] oneDNN custom operations are on. You may see slightly different numerical results due to floating-point round-off errors from different computation orders. To turn them off, set the environment variable `TF_ENABLE_ONEDNN_OPTS=0`.
2023-01-25 19:50:57.168348: W tensorflow/compiler/xla/stream_executor/platform/default/dso_loader.cc:64] Could not load dynamic library 'libnvinfer.so.7'; dlerror: libnvinfer.so.7: cannot open shared object file: No such file or directory
2023-01-25 19:50:57.168406: W tensorflow/compiler/xla/stream_executor/platform/default/dso_loader.cc:64] Could not load dynamic library 'libnvinfer_plugin.so.7'; dlerror: libnvinfer_plugin.so.7: cannot open shared object file: No such file or directory
2023-01-25 19:50:57.168412: W tensorflow/compiler/tf2tensorrt/utils/py_utils.cc:38] TF-TRT Warning: Cannot dlopen some TensorRT libraries. If you would like to use Nvidia GPU with TensorRT, please make sure the missing libraries mentioned above are installed properly.
2023-01-25 19:51:01.271601: I tensorflow/core/common_runtime/gpu/gpu_process_state.cc:222] Using CUDA malloc Async allocator for GPU: 0
2023-01-25 19:51:01.272146: I tensorflow/core/common_runtime/gpu/gpu_device.cc:1613] Created device /job:localhost/replica:0/task:0/device:GPU:0 with 22242 MB memory:  -> device: 0, name: NVIDIA GeForce RTX 3090, pci bus id: 0000:1a:00.0, compute capability: 8.6
1 Physical GPUs, 1 Logical GPUs
Loaded Data from:20230125-155358
==================================================
=====================CSDI-Mega====================
==================================================
2023-01-25 19:51:07.580192: W tensorflow/core/common_runtime/graph_constructor.cc:805] Node 'PartitionedCall' has 1 outputs but the _output_shapes attribute specifies shapes for 29 outputs. Output shapes may be inaccurate.
2023-01-25 19:51:07.693711: W tensorflow/core/common_runtime/graph_constructor.cc:805] Node 'PartitionedCall' has 1 outputs but the _output_shapes attribute specifies shapes for 29 outputs. Output shapes may be inaccurate.
2023-01-25 19:51:08.259616: W tensorflow/core/common_runtime/graph_constructor.cc:805] Node 'PartitionedCall' has 1 outputs but the _output_shapes attribute specifies shapes for 29 outputs. Output shapes may be inaccurate.
2023-01-25 19:51:08.264611: W tensorflow/core/common_runtime/graph_constructor.cc:805] Node 'PartitionedCall' has 1 outputs but the _output_shapes attribute specifies shapes for 29 outputs. Output shapes may be inaccurate.
  0%|          | 0/81.0 [00:00<?, ?it/s]2023-01-25 19:52:49.175367: I tensorflow/compiler/xla/stream_executor/cuda/cuda_blas.cc:630] TensorFloat-32 will be used for the matrix multiplication. This will only be logged once.
2023-01-25 19:52:49.780057: I tensorflow/compiler/xla/stream_executor/cuda/cuda_dnn.cc:428] Loaded cuDNN version 8202
  6%|▌         | 5/81.0 [15:47<3:59:55, 189.41s/it] 12%|█▏        | 10/81.0 [30:03<3:31:33, 178.77s/it] 19%|█▊        | 15/81.0 [43:08<3:05:43, 168.85s/it] 25%|██▍       | 20/81.0 [55:47<2:44:49, 162.12s/it] 31%|███       | 25/81.0 [1:08:26<2:27:46, 158.33s/it] 37%|███▋      | 30/81.0 [1:21:12<2:13:08, 156.64s/it] 43%|████▎     | 35/81.0 [1:34:23<2:00:29, 157.15s/it] 49%|████▉     | 40/81.0 [1:47:15<1:46:47, 156.27s/it] 56%|█████▌    | 45/81.0 [2:00:13<1:33:38, 156.08s/it] 62%|██████▏   | 50/81.0 [2:13:44<1:21:35, 157.91s/it]