nohup: ignoring input
2023-01-25 18:53:30.403799: I tensorflow/core/platform/cpu_feature_guard.cc:193] This TensorFlow binary is optimized with oneAPI Deep Neural Network Library (oneDNN) to use the following CPU instructions in performance-critical operations:  AVX2 AVX512F AVX512_VNNI FMA
To enable them in other operations, rebuild TensorFlow with the appropriate compiler flags.
2023-01-25 18:53:30.575422: I tensorflow/core/util/port.cc:104] oneDNN custom operations are on. You may see slightly different numerical results due to floating-point round-off errors from different computation orders. To turn them off, set the environment variable `TF_ENABLE_ONEDNN_OPTS=0`.
2023-01-25 18:53:31.430477: W tensorflow/compiler/xla/stream_executor/platform/default/dso_loader.cc:64] Could not load dynamic library 'libnvinfer.so.7'; dlerror: libnvinfer.so.7: cannot open shared object file: No such file or directory
2023-01-25 18:53:31.430546: W tensorflow/compiler/xla/stream_executor/platform/default/dso_loader.cc:64] Could not load dynamic library 'libnvinfer_plugin.so.7'; dlerror: libnvinfer_plugin.so.7: cannot open shared object file: No such file or directory
2023-01-25 18:53:31.430552: W tensorflow/compiler/tf2tensorrt/utils/py_utils.cc:38] TF-TRT Warning: Cannot dlopen some TensorRT libraries. If you would like to use Nvidia GPU with TensorRT, please make sure the missing libraries mentioned above are installed properly.
2023-01-25 18:53:36.580209: I tensorflow/core/common_runtime/gpu/gpu_process_state.cc:222] Using CUDA malloc Async allocator for GPU: 0
2023-01-25 18:53:36.580749: I tensorflow/core/common_runtime/gpu/gpu_device.cc:1613] Created device /job:localhost/replica:0/task:0/device:GPU:0 with 22242 MB memory:  -> device: 0, name: NVIDIA GeForce RTX 3090, pci bus id: 0000:68:00.0, compute capability: 8.6
1 Physical GPUs, 1 Logical GPUs
Loaded Data from:20230125-155249
{
    "train": {
        "epochs": 50,
        "batch_size": 64,
        "lr": 0.0005,
        "path_save": "../results/stocks/CSDI-S4/20230125-155249/csdi_model"
    },
    "diffusion": {
        "layers": 4,
        "channels": 64,
        "nheads": 8,
        "diffusion_embedding_dim": 128,
        "beta_start": 0.0001,
        "beta_end": 0.5,
        "num_steps": 50,
        "schedule": "quad",
        "time_layer": "S4"
    },
    "model": {
        "missing_ratio_or_k": 0.1,
        "is_unconditional": 0,
        "timeemb": 128,
        "featureemb": 16,
        "target_strategy": "holiday",
        "masking": "holiday"
    }
}
configuration file name: ./config//config_csdi_training_holiday
==================================================
======================CSDI-S4=====================
==================================================
  0%|          | 0/40.0 [00:00<?, ?it/s]2023-01-25 18:54:45.240657: W tensorflow/core/grappler/optimizers/loop_optimizer.cc:907] Skipping loop optimization for Merge node with control input: while/body/_6/while/diff_csdi/StatefulPartitionedCall_9/StatefulPartitionedCall/residual_block_3/StatefulPartitionedCall/s4_layer_3/StatefulPartitionedCall/s4_3/StatefulPartitionedCall/hippo_ss_kernel_3/StatefulPartitionedCall/ss_kernel_nplr_3/StatefulPartitionedCall/cond/branch_executed/_40765
2023-01-25 18:55:39.192589: I tensorflow/compiler/xla/stream_executor/cuda/cuda_blas.cc:630] TensorFloat-32 will be used for the matrix multiplication. This will only be logged once.
2023-01-25 18:55:40.038008: I tensorflow/compiler/xla/stream_executor/cuda/cuda_dnn.cc:428] Loaded cuDNN version 8202
2023-01-25 18:55:44.084489: E tensorflow/core/common_runtime/gpu/gpu_cudamallocasync_allocator.cc:288] gpu_async_0 cuMemAllocAsync failed to allocate 6509592576 bytes: CUDA error: out of memory (CUDA_ERROR_OUT_OF_MEMORY)
 Reported by CUDA: Free memory/Total memory: 493420544/25447170048
2023-01-25 18:55:44.084541: E tensorflow/core/common_runtime/gpu/gpu_cudamallocasync_allocator.cc:293] Stats: Limit:                     23323017216
InUse:                     18263010278
MaxInUse:                  18310396518
NumAllocs:                      111793
MaxAllocSize:               6509592576
Reserved:                            0
PeakReserved:                        0
LargestFreeBlock:                    0

2023-01-25 18:55:44.084806: E tensorflow/core/common_runtime/gpu/gpu_cudamallocasync_allocator.cc:56] Histogram of current allocation: (allocation_size_in_bytes, nb_allocation_of_that_sizes), ...;
2023-01-25 18:55:44.084813: E tensorflow/core/common_runtime/gpu/gpu_cudamallocasync_allocator.cc:59] 1, 2
2023-01-25 18:55:44.084817: E tensorflow/core/common_runtime/gpu/gpu_cudamallocasync_allocator.cc:59] 4, 1042
2023-01-25 18:55:44.084821: E tensorflow/core/common_runtime/gpu/gpu_cudamallocasync_allocator.cc:59] 8, 7
2023-01-25 18:55:44.084824: E tensorflow/core/common_runtime/gpu/gpu_cudamallocasync_allocator.cc:59] 200, 4
2023-01-25 18:55:44.084827: E tensorflow/core/common_runtime/gpu/gpu_cudamallocasync_allocator.cc:59] 256, 2205
2023-01-25 18:55:44.084831: E tensorflow/core/common_runtime/gpu/gpu_cudamallocasync_allocator.cc:59] 384, 3
2023-01-25 18:55:44.084834: E tensorflow/core/common_runtime/gpu/gpu_cudamallocasync_allocator.cc:59] 408, 8
2023-01-25 18:55:44.084837: E tensorflow/core/common_runtime/gpu/gpu_cudamallocasync_allocator.cc:59] 512, 2044
2023-01-25 18:55:44.084841: E tensorflow/core/common_runtime/gpu/gpu_cudamallocasync_allocator.cc:59] 1028, 1
2023-01-25 18:55:44.084844: E tensorflow/core/common_runtime/gpu/gpu_cudamallocasync_allocator.cc:59] 14848, 319
2023-01-25 18:55:44.084847: E tensorflow/core/common_runtime/gpu/gpu_cudamallocasync_allocator.cc:59] 15360, 881
2023-01-25 18:55:44.084851: E tensorflow/core/common_runtime/gpu/gpu_cudamallocasync_allocator.cc:59] 16384, 103
2023-01-25 18:55:44.084854: E tensorflow/core/common_runtime/gpu/gpu_cudamallocasync_allocator.cc:59] 25600, 1
2023-01-25 18:55:44.084858: E tensorflow/core/common_runtime/gpu/gpu_cudamallocasync_allocator.cc:59] 32768, 51
2023-01-25 18:55:44.084861: E tensorflow/core/common_runtime/gpu/gpu_cudamallocasync_allocator.cc:59] 44544, 921
2023-01-25 18:55:44.084864: E tensorflow/core/common_runtime/gpu/gpu_cudamallocasync_allocator.cc:59] 51200, 557
2023-01-25 18:55:44.084868: E tensorflow/core/common_runtime/gpu/gpu_cudamallocasync_allocator.cc:59] 52224, 254
2023-01-25 18:55:44.084871: E tensorflow/core/common_runtime/gpu/gpu_cudamallocasync_allocator.cc:59] 65536, 6
2023-01-25 18:55:44.084875: E tensorflow/core/common_runtime/gpu/gpu_cudamallocasync_allocator.cc:59] 74240, 12
2023-01-25 18:55:44.084878: E tensorflow/core/common_runtime/gpu/gpu_cudamallocasync_allocator.cc:59] 1781760, 3
2023-01-25 18:55:44.084881: E tensorflow/core/common_runtime/gpu/gpu_cudamallocasync_allocator.cc:59] 2850816, 28
2023-01-25 18:55:44.084885: E tensorflow/core/common_runtime/gpu/gpu_cudamallocasync_allocator.cc:59] 5701632, 2004
2023-01-25 18:55:44.084888: E tensorflow/core/common_runtime/gpu/gpu_cudamallocasync_allocator.cc:59] 5898240, 7
2023-01-25 18:55:44.084891: E tensorflow/core/common_runtime/gpu/gpu_cudamallocasync_allocator.cc:59] 6458880, 1
2023-01-25 18:55:44.084894: E tensorflow/core/common_runtime/gpu/gpu_cudamallocasync_allocator.cc:59] 19628032, 1
2023-01-25 18:55:44.084898: E tensorflow/core/common_runtime/gpu/gpu_cudamallocasync_allocator.cc:59] 22478848, 3
2023-01-25 18:55:44.084901: E tensorflow/core/common_runtime/gpu/gpu_cudamallocasync_allocator.cc:59] 6509592576, 1
2023-01-25 18:55:44.098843: E tensorflow/core/common_runtime/gpu/gpu_cudamallocasync_allocator.cc:288] gpu_async_0 cuMemAllocAsync failed to allocate 6509592576 bytes: CUDA error: out of memory (CUDA_ERROR_OUT_OF_MEMORY)
 Reported by CUDA: Free memory/Total memory: 493420544/25447170048
2023-01-25 18:55:44.098891: E tensorflow/core/common_runtime/gpu/gpu_cudamallocasync_allocator.cc:293] Stats: Limit:                     23323017216
InUse:                     18262952422
MaxInUse:                  18310396518
NumAllocs:                      111794
MaxAllocSize:               6509592576
Reserved:                            0
PeakReserved:                        0
LargestFreeBlock:                    0

2023-01-25 18:55:44.099146: E tensorflow/core/common_runtime/gpu/gpu_cudamallocasync_allocator.cc:56] Histogram of current allocation: (allocation_size_in_bytes, nb_allocation_of_that_sizes), ...;
2023-01-25 18:55:44.099154: E tensorflow/core/common_runtime/gpu/gpu_cudamallocasync_allocator.cc:59] 1, 2
2023-01-25 18:55:44.099158: E tensorflow/core/common_runtime/gpu/gpu_cudamallocasync_allocator.cc:59] 4, 1042
2023-01-25 18:55:44.099161: E tensorflow/core/common_runtime/gpu/gpu_cudamallocasync_allocator.cc:59] 8, 7
2023-01-25 18:55:44.099164: E tensorflow/core/common_runtime/gpu/gpu_cudamallocasync_allocator.cc:59] 200, 4
2023-01-25 18:55:44.099168: E tensorflow/core/common_runtime/gpu/gpu_cudamallocasync_allocator.cc:59] 256, 2205
2023-01-25 18:55:44.099171: E tensorflow/core/common_runtime/gpu/gpu_cudamallocasync_allocator.cc:59] 384, 3
2023-01-25 18:55:44.099174: E tensorflow/core/common_runtime/gpu/gpu_cudamallocasync_allocator.cc:59] 408, 8
2023-01-25 18:55:44.099177: E tensorflow/core/common_runtime/gpu/gpu_cudamallocasync_allocator.cc:59] 512, 2044
2023-01-25 18:55:44.099181: E tensorflow/core/common_runtime/gpu/gpu_cudamallocasync_allocator.cc:59] 1028, 1
2023-01-25 18:55:44.099184: E tensorflow/core/common_runtime/gpu/gpu_cudamallocasync_allocator.cc:59] 14848, 317
2023-01-25 18:55:44.099187: E tensorflow/core/common_runtime/gpu/gpu_cudamallocasync_allocator.cc:59] 15360, 879
2023-01-25 18:55:44.099191: E tensorflow/core/common_runtime/gpu/gpu_cudamallocasync_allocator.cc:59] 16384, 103
2023-01-25 18:55:44.099194: E tensorflow/core/common_runtime/gpu/gpu_cudamallocasync_allocator.cc:59] 25600, 1
2023-01-25 18:55:44.099197: E tensorflow/core/common_runtime/gpu/gpu_cudamallocasync_allocator.cc:59] 32768, 51
2023-01-25 18:55:44.099201: E tensorflow/core/common_runtime/gpu/gpu_cudamallocasync_allocator.cc:59] 44544, 921
2023-01-25 18:55:44.099204: E tensorflow/core/common_runtime/gpu/gpu_cudamallocasync_allocator.cc:59] 51200, 557
2023-01-25 18:55:44.099207: E tensorflow/core/common_runtime/gpu/gpu_cudamallocasync_allocator.cc:59] 52224, 250
2023-01-25 18:55:44.099211: E tensorflow/core/common_runtime/gpu/gpu_cudamallocasync_allocator.cc:59] 65536, 6
2023-01-25 18:55:44.099214: E tensorflow/core/common_runtime/gpu/gpu_cudamallocasync_allocator.cc:59] 74240, 12
2023-01-25 18:55:44.099217: E tensorflow/core/common_runtime/gpu/gpu_cudamallocasync_allocator.cc:59] 1781760, 3
2023-01-25 18:55:44.099221: E tensorflow/core/common_runtime/gpu/gpu_cudamallocasync_allocator.cc:59] 2850816, 28
2023-01-25 18:55:44.099224: E tensorflow/core/common_runtime/gpu/gpu_cudamallocasync_allocator.cc:59] 5701632, 2003
2023-01-25 18:55:44.099227: E tensorflow/core/common_runtime/gpu/gpu_cudamallocasync_allocator.cc:59] 5898240, 8
2023-01-25 18:55:44.099230: E tensorflow/core/common_runtime/gpu/gpu_cudamallocasync_allocator.cc:59] 6458880, 1
2023-01-25 18:55:44.099234: E tensorflow/core/common_runtime/gpu/gpu_cudamallocasync_allocator.cc:59] 19628032, 1
2023-01-25 18:55:44.099237: E tensorflow/core/common_runtime/gpu/gpu_cudamallocasync_allocator.cc:59] 22478848, 3
2023-01-25 18:55:44.099240: E tensorflow/core/common_runtime/gpu/gpu_cudamallocasync_allocator.cc:59] 6509592576, 1
2023-01-25 18:55:44.137470: E tensorflow/core/common_runtime/gpu/gpu_cudamallocasync_allocator.cc:288] gpu_async_0 cuMemAllocAsync failed to allocate 6509592576 bytes: CUDA error: out of memory (CUDA_ERROR_OUT_OF_MEMORY)
 Reported by CUDA: Free memory/Total memory: 493420544/25447170048
2023-01-25 18:55:44.137546: E tensorflow/core/common_runtime/gpu/gpu_cudamallocasync_allocator.cc:293] Stats: Limit:                     23323017216
InUse:                     18270618598
MaxInUse:                  18310396518
NumAllocs:                      111813
MaxAllocSize:               6509592576
Reserved:                            0
PeakReserved:                        0
LargestFreeBlock:                    0

2023-01-25 18:55:44.138144: E tensorflow/core/common_runtime/gpu/gpu_cudamallocasync_allocator.cc:56] Histogram of current allocation: (allocation_size_in_bytes, nb_allocation_of_that_sizes), ...;
2023-01-25 18:55:44.138188: E tensorflow/core/common_runtime/gpu/gpu_cudamallocasync_allocator.cc:59] 1, 2
2023-01-25 18:55:44.138199: E tensorflow/core/common_runtime/gpu/gpu_cudamallocasync_allocator.cc:59] 4, 1042
2023-01-25 18:55:44.138208: E tensorflow/core/common_runtime/gpu/gpu_cudamallocasync_allocator.cc:59] 8, 7
2023-01-25 18:55:44.138217: E tensorflow/core/common_runtime/gpu/gpu_cudamallocasync_allocator.cc:59] 200, 4
2023-01-25 18:55:44.138226: E tensorflow/core/common_runtime/gpu/gpu_cudamallocasync_allocator.cc:59] 256, 2205
2023-01-25 18:55:44.138235: E tensorflow/core/common_runtime/gpu/gpu_cudamallocasync_allocator.cc:59] 384, 3
2023-01-25 18:55:44.138243: E tensorflow/core/common_runtime/gpu/gpu_cudamallocasync_allocator.cc:59] 408, 8
2023-01-25 18:55:44.138252: E tensorflow/core/common_runtime/gpu/gpu_cudamallocasync_allocator.cc:59] 512, 2044
2023-01-25 18:55:44.138260: E tensorflow/core/common_runtime/gpu/gpu_cudamallocasync_allocator.cc:59] 1028, 1
2023-01-25 18:55:44.138269: E tensorflow/core/common_runtime/gpu/gpu_cudamallocasync_allocator.cc:59] 14848, 317
2023-01-25 18:55:44.138278: E tensorflow/core/common_runtime/gpu/gpu_cudamallocasync_allocator.cc:59] 15360, 884
2023-01-25 18:55:44.138286: E tensorflow/core/common_runtime/gpu/gpu_cudamallocasync_allocator.cc:59] 16384, 103
2023-01-25 18:55:44.138295: E tensorflow/core/common_runtime/gpu/gpu_cudamallocasync_allocator.cc:59] 25600, 1
2023-01-25 18:55:44.138303: E tensorflow/core/common_runtime/gpu/gpu_cudamallocasync_allocator.cc:59] 32768, 51
2023-01-25 18:55:44.138312: E tensorflow/core/common_runtime/gpu/gpu_cudamallocasync_allocator.cc:59] 44544, 921
2023-01-25 18:55:44.138320: E tensorflow/core/common_runtime/gpu/gpu_cudamallocasync_allocator.cc:59] 51200, 561
2023-01-25 18:55:44.138329: E tensorflow/core/common_runtime/gpu/gpu_cudamallocasync_allocator.cc:59] 52224, 248
2023-01-25 18:55:44.138337: E tensorflow/core/common_runtime/gpu/gpu_cudamallocasync_allocator.cc:59] 65536, 6
2023-01-25 18:55:44.138346: E tensorflow/core/common_runtime/gpu/gpu_cudamallocasync_allocator.cc:59] 74240, 12
2023-01-25 18:55:44.138354: E tensorflow/core/common_runtime/gpu/gpu_cudamallocasync_allocator.cc:59] 1781760, 3
2023-01-25 18:55:44.138363: E tensorflow/core/common_runtime/gpu/gpu_cudamallocasync_allocator.cc:59] 2850816, 28
2023-01-25 18:55:44.138371: E tensorflow/core/common_runtime/gpu/gpu_cudamallocasync_allocator.cc:59] 5701632, 2003
2023-01-25 18:55:44.138380: E tensorflow/core/common_runtime/gpu/gpu_cudamallocasync_allocator.cc:59] 5898240, 9
2023-01-25 18:55:44.138389: E tensorflow/core/common_runtime/gpu/gpu_cudamallocasync_allocator.cc:59] 6458880, 1
2023-01-25 18:55:44.138397: E tensorflow/core/common_runtime/gpu/gpu_cudamallocasync_allocator.cc:59] 21233664, 1
2023-01-25 18:55:44.138405: E tensorflow/core/common_runtime/gpu/gpu_cudamallocasync_allocator.cc:59] 22478848, 3
2023-01-25 18:55:44.138414: E tensorflow/core/common_runtime/gpu/gpu_cudamallocasync_allocator.cc:59] 6509592576, 1
2023-01-25 18:55:44.158963: E tensorflow/core/common_runtime/gpu/gpu_cudamallocasync_allocator.cc:288] gpu_async_0 cuMemAllocAsync failed to allocate 6509592576 bytes: CUDA error: out of memory (CUDA_ERROR_OUT_OF_MEMORY)
 Reported by CUDA: Free memory/Total memory: 493420544/25447170048
2023-01-25 18:55:44.159049: E tensorflow/core/common_runtime/gpu/gpu_cudamallocasync_allocator.cc:293] Stats: Limit:                     23323017216
InUse:                     18264594406
MaxInUse:                  24785868774
NumAllocs:                      111831
MaxAllocSize:               6509592576
Reserved:                            0
PeakReserved:                        0
LargestFreeBlock:                    0

2023-01-25 18:55:44.159735: E tensorflow/core/common_runtime/gpu/gpu_cudamallocasync_allocator.cc:56] Histogram of current allocation: (allocation_size_in_bytes, nb_allocation_of_that_sizes), ...;
2023-01-25 18:55:44.159784: E tensorflow/core/common_runtime/gpu/gpu_cudamallocasync_allocator.cc:59] 1, 2
2023-01-25 18:55:44.159802: E tensorflow/core/common_runtime/gpu/gpu_cudamallocasync_allocator.cc:59] 4, 1042
2023-01-25 18:55:44.159835: E tensorflow/core/common_runtime/gpu/gpu_cudamallocasync_allocator.cc:59] 8, 7
2023-01-25 18:55:44.159848: E tensorflow/core/common_runtime/gpu/gpu_cudamallocasync_allocator.cc:59] 200, 4
2023-01-25 18:55:44.159857: E tensorflow/core/common_runtime/gpu/gpu_cudamallocasync_allocator.cc:59] 256, 2205
2023-01-25 18:55:44.159872: E tensorflow/core/common_runtime/gpu/gpu_cudamallocasync_allocator.cc:59] 384, 3
2023-01-25 18:55:44.159887: E tensorflow/core/common_runtime/gpu/gpu_cudamallocasync_allocator.cc:59] 408, 8
2023-01-25 18:55:44.159902: E tensorflow/core/common_runtime/gpu/gpu_cudamallocasync_allocator.cc:59] 512, 2044
2023-01-25 18:55:44.159917: E tensorflow/core/common_runtime/gpu/gpu_cudamallocasync_allocator.cc:59] 1028, 1
2023-01-25 18:55:44.159932: E tensorflow/core/common_runtime/gpu/gpu_cudamallocasync_allocator.cc:59] 14848, 315
2023-01-25 18:55:44.159946: E tensorflow/core/common_runtime/gpu/gpu_cudamallocasync_allocator.cc:59] 15360, 884
2023-01-25 18:55:44.159956: E tensorflow/core/common_runtime/gpu/gpu_cudamallocasync_allocator.cc:59] 16384, 103
2023-01-25 18:55:44.159970: E tensorflow/core/common_runtime/gpu/gpu_cudamallocasync_allocator.cc:59] 25600, 1
2023-01-25 18:55:44.159984: E tensorflow/core/common_runtime/gpu/gpu_cudamallocasync_allocator.cc:59] 32768, 51
2023-01-25 18:55:44.159994: E tensorflow/core/common_runtime/gpu/gpu_cudamallocasync_allocator.cc:59] 44544, 921
2023-01-25 18:55:44.160010: E tensorflow/core/common_runtime/gpu/gpu_cudamallocasync_allocator.cc:59] 51200, 565
2023-01-25 18:55:44.160023: E tensorflow/core/common_runtime/gpu/gpu_cudamallocasync_allocator.cc:59] 52224, 247
2023-01-25 18:55:44.160036: E tensorflow/core/common_runtime/gpu/gpu_cudamallocasync_allocator.cc:59] 65536, 6
2023-01-25 18:55:44.160050: E tensorflow/core/common_runtime/gpu/gpu_cudamallocasync_allocator.cc:59] 74240, 12
2023-01-25 18:55:44.160061: E tensorflow/core/common_runtime/gpu/gpu_cudamallocasync_allocator.cc:59] 1781760, 3
2023-01-25 18:55:44.160075: E tensorflow/core/common_runtime/gpu/gpu_cudamallocasync_allocator.cc:59] 2850816, 28
2023-01-25 18:55:44.160089: E tensorflow/core/common_runtime/gpu/gpu_cudamallocasync_allocator.cc:59] 5701632, 2004
2023-01-25 18:55:44.160104: E tensorflow/core/common_runtime/gpu/gpu_cudamallocasync_allocator.cc:59] 5898240, 7
2023-01-25 18:55:44.160118: E tensorflow/core/common_runtime/gpu/gpu_cudamallocasync_allocator.cc:59] 6458880, 1
2023-01-25 18:55:44.160136: E tensorflow/core/common_runtime/gpu/gpu_cudamallocasync_allocator.cc:59] 21233664, 1
2023-01-25 18:55:44.160150: E tensorflow/core/common_runtime/gpu/gpu_cudamallocasync_allocator.cc:59] 22478848, 3
2023-01-25 18:55:44.510800: E tensorflow/core/common_runtime/gpu/gpu_cudamallocasync_allocator.cc:288] gpu_async_0 cuMemAllocAsync failed to allocate 4345315328 bytes: CUDA error: out of memory (CUDA_ERROR_OUT_OF_MEMORY)
 Reported by CUDA: Free memory/Total memory: 493420544/25447170048
2023-01-25 18:55:44.510856: E tensorflow/core/common_runtime/gpu/gpu_cudamallocasync_allocator.cc:293] Stats: Limit:                     23323017216
InUse:                     22449635814
MaxInUse:                  26841816550
NumAllocs:                      115947
MaxAllocSize:               6509592576
Reserved:                            0
PeakReserved:                        0
LargestFreeBlock:                    0

2023-01-25 18:55:44.511308: E tensorflow/core/common_runtime/gpu/gpu_cudamallocasync_allocator.cc:56] Histogram of current allocation: (allocation_size_in_bytes, nb_allocation_of_that_sizes), ...;
2023-01-25 18:55:44.511328: E tensorflow/core/common_runtime/gpu/gpu_cudamallocasync_allocator.cc:59] 1, 2
2023-01-25 18:55:44.511335: E tensorflow/core/common_runtime/gpu/gpu_cudamallocasync_allocator.cc:59] 4, 1042
2023-01-25 18:55:44.511341: E tensorflow/core/common_runtime/gpu/gpu_cudamallocasync_allocator.cc:59] 8, 7
2023-01-25 18:55:44.511347: E tensorflow/core/common_runtime/gpu/gpu_cudamallocasync_allocator.cc:59] 200, 4
2023-01-25 18:55:44.511369: E tensorflow/core/common_runtime/gpu/gpu_cudamallocasync_allocator.cc:59] 256, 2195
2023-01-25 18:55:44.511376: E tensorflow/core/common_runtime/gpu/gpu_cudamallocasync_allocator.cc:59] 384, 3
2023-01-25 18:55:44.511382: E tensorflow/core/common_runtime/gpu/gpu_cudamallocasync_allocator.cc:59] 408, 8
2023-01-25 18:55:44.511388: E tensorflow/core/common_runtime/gpu/gpu_cudamallocasync_allocator.cc:59] 512, 2029
2023-01-25 18:55:44.511394: E tensorflow/core/common_runtime/gpu/gpu_cudamallocasync_allocator.cc:59] 1028, 1
2023-01-25 18:55:44.511400: E tensorflow/core/common_runtime/gpu/gpu_cudamallocasync_allocator.cc:59] 7424, 164
2023-01-25 18:55:44.511406: E tensorflow/core/common_runtime/gpu/gpu_cudamallocasync_allocator.cc:59] 14848, 971
2023-01-25 18:55:44.511412: E tensorflow/core/common_runtime/gpu/gpu_cudamallocasync_allocator.cc:59] 15360, 1116
2023-01-25 18:55:44.511418: E tensorflow/core/common_runtime/gpu/gpu_cudamallocasync_allocator.cc:59] 16384, 106
2023-01-25 18:55:44.511424: E tensorflow/core/common_runtime/gpu/gpu_cudamallocasync_allocator.cc:59] 25600, 1
2023-01-25 18:55:44.511430: E tensorflow/core/common_runtime/gpu/gpu_cudamallocasync_allocator.cc:59] 32768, 48
2023-01-25 18:55:44.511437: E tensorflow/core/common_runtime/gpu/gpu_cudamallocasync_allocator.cc:59] 44544, 922
2023-01-25 18:55:44.511442: E tensorflow/core/common_runtime/gpu/gpu_cudamallocasync_allocator.cc:59] 65536, 6
2023-01-25 18:55:44.511448: E tensorflow/core/common_runtime/gpu/gpu_cudamallocasync_allocator.cc:59] 74240, 12
2023-01-25 18:55:44.511454: E tensorflow/core/common_runtime/gpu/gpu_cudamallocasync_allocator.cc:59] 1781760, 3
2023-01-25 18:55:44.511460: E tensorflow/core/common_runtime/gpu/gpu_cudamallocasync_allocator.cc:59] 2850816, 25
2023-01-25 18:55:44.511467: E tensorflow/core/common_runtime/gpu/gpu_cudamallocasync_allocator.cc:59] 5701632, 1985
2023-01-25 18:55:44.511473: E tensorflow/core/common_runtime/gpu/gpu_cudamallocasync_allocator.cc:59] 5898240, 6
2023-01-25 18:55:44.511479: E tensorflow/core/common_runtime/gpu/gpu_cudamallocasync_allocator.cc:59] 6458880, 1
2023-01-25 18:55:44.511485: E tensorflow/core/common_runtime/gpu/gpu_cudamallocasync_allocator.cc:59] 19562496, 1
2023-01-25 18:55:44.511491: E tensorflow/core/common_runtime/gpu/gpu_cudamallocasync_allocator.cc:59] 19628032, 3
2023-01-25 18:55:44.511496: E tensorflow/core/common_runtime/gpu/gpu_cudamallocasync_allocator.cc:59] 4345315328, 1
 12%|█▎        | 5/40.0 [04:46<33:25, 57.30s/it] 25%|██▌       | 10/40.0 [07:39<22:00, 44.00s/it] 38%|███▊      | 15/40.0 [10:33<16:33, 39.74s/it] 50%|█████     | 20/40.0 [13:24<12:31, 37.58s/it] 62%|██████▎   | 25/40.0 [16:17<09:07, 36.52s/it] 75%|███████▌  | 30/40.0 [19:10<05:58, 35.82s/it] 88%|████████▊ | 35/40.0 [22:02<02:56, 35.35s/it]100%|██████████| 40/40.0 [24:53<00:00, 35.02s/it]100%|██████████| 40/40.0 [24:53<00:00, 37.34s/it]
